Flow report for hello_world
Wed Oct  4 15:55:23 2017
Quartus Prime Version 17.0.0 Build 595 04/25/2017 SJ Lite Edition


---------------------
; Table of Contents ;
---------------------
  1. Legal Notice
  2. Flow Summary
  3. Flow Settings
  4. Flow Non-Default Global Settings
  5. Flow Elapsed Time
  6. Flow OS Summary
  7. Flow Log
  8. Flow Messages
  9. Flow Suppressed Messages



----------------
; Legal Notice ;
----------------
Copyright (C) 2017  Intel Corporation. All rights reserved.
Your use of Intel Corporation's design tools, logic functions 
and other software and tools, and its AMPP partner logic 
functions, and any output files from any of the foregoing 
(including device programming or simulation files), and any 
associated documentation or information are expressly subject 
to the terms and conditions of the Intel Program License 
Subscription Agreement, the Intel Quartus Prime License Agreement,
the Intel MegaCore Function License Agreement, or other 
applicable license agreement, including, without limitation, 
that your use is for the sole purpose of programming logic 
devices manufactured by Intel and sold by Intel or its 
authorized distributors.  Please refer to the applicable 
agreement for further details.



+-------------------------------------------------------------------------------+
; Flow Summary                                                                  ;
+---------------------------------+---------------------------------------------+
; Flow Status                     ; Successful - Wed Oct  4 15:55:00 2017       ;
; Quartus Prime Version           ; 17.0.0 Build 595 04/25/2017 SJ Lite Edition ;
; Revision Name                   ; hello_world                                 ;
; Top-level Entity Name           ; hello_world_top                             ;
; Family                          ; Cyclone V                                   ;
; Device                          ; 5CSEMA5F31C6                                ;
; Timing Models                   ; Final                                       ;
; Logic utilization (in ALMs)     ; 755 / 32,070 ( 2 % )                        ;
; Total registers                 ; 1099                                        ;
; Total pins                      ; 56 / 457 ( 12 % )                           ;
; Total virtual pins              ; 0                                           ;
; Total block memory bits         ; 142,336 / 4,065,280 ( 4 % )                 ;
; Total DSP Blocks                ; 0 / 87 ( 0 % )                              ;
; Total HSSI RX PCSs              ; 0                                           ;
; Total HSSI PMA RX Deserializers ; 0                                           ;
; Total HSSI TX PCSs              ; 0                                           ;
; Total HSSI PMA TX Serializers   ; 0                                           ;
; Total PLLs                      ; 0 / 6 ( 0 % )                               ;
; Total DLLs                      ; 0 / 4 ( 0 % )                               ;
+---------------------------------+---------------------------------------------+


+-----------------------------------------+
; Flow Settings                           ;
+-------------------+---------------------+
; Option            ; Setting             ;
+-------------------+---------------------+
; Start date & time ; 10/04/2017 15:51:03 ;
; Main task         ; Compilation         ;
; Revision Name     ; hello_world         ;
+-------------------+---------------------+


+----------------------------------------------------------------------------------------------------------------------------------------------------------+
; Flow Non-Default Global Settings                                                                                                                         ;
+-------------------------------------+--------------------------------------------------------------------+---------------+------------------+------------+
; Assignment Name                     ; Value                                                              ; Default Value ; Entity Name      ; Section Id ;
+-------------------------------------+--------------------------------------------------------------------+---------------+------------------+------------+
; COMPILER_SIGNATURE_ID               ; 123658575426405.150715386214256                                    ; --            ; --               ; --         ;
; MAX_CORE_JUNCTION_TEMP              ; 85                                                                 ; --            ; --               ; --         ;
; MIN_CORE_JUNCTION_TEMP              ; 0                                                                  ; --            ; --               ; --         ;
; MISC_FILE                           ; hello_world_qsys/synthesis/../hello_world_qsys.cmp                 ; --            ; --               ; --         ;
; MISC_FILE                           ; hello_world_qsys/synthesis/../../hello_world_qsys.qsys             ; --            ; --               ; --         ;
; PARTITION_COLOR                     ; -- (Not supported for targeted family)                             ; --            ; hello_world_top  ; Top        ;
; PARTITION_FITTER_PRESERVATION_LEVEL ; -- (Not supported for targeted family)                             ; --            ; hello_world_top  ; Top        ;
; PARTITION_NETLIST_TYPE              ; -- (Not supported for targeted family)                             ; --            ; hello_world_top  ; Top        ;
; POWER_BOARD_THERMAL_MODEL           ; None (CONSERVATIVE)                                                ; --            ; --               ; --         ;
; POWER_PRESET_COOLING_SOLUTION       ; 23 MM HEAT SINK WITH 200 LFPM AIRFLOW                              ; --            ; --               ; --         ;
; SLD_FILE                            ; hello_world_qsys/synthesis/hello_world_qsys.regmap                 ; --            ; --               ; --         ;
; SLD_FILE                            ; hello_world_qsys/synthesis/hello_world_qsys.debuginfo              ; --            ; --               ; --         ;
; SLD_INFO                            ; QSYS_NAME hello_world_qsys HAS_SOPCINFO 1 GENERATION_ID 1507153260 ; --            ; hello_world_qsys ; --         ;
; SOPCINFO_FILE                       ; hello_world_qsys/synthesis/../../hello_world_qsys.sopcinfo         ; --            ; --               ; --         ;
; SYNTHESIS_ONLY_QIP                  ; On                                                                 ; --            ; --               ; --         ;
; TOP_LEVEL_ENTITY                    ; hello_world_top                                                    ; hello_world   ; --               ; --         ;
+-------------------------------------+--------------------------------------------------------------------+---------------+------------------+------------+


+-------------------------------------------------------------------------------------------------------------------------------+
; Flow Elapsed Time                                                                                                             ;
+---------------------------+--------------+-------------------------+---------------------+------------------------------------+
; Module Name               ; Elapsed Time ; Average Processors Used ; Peak Virtual Memory ; Total CPU Time (on all processors) ;
+---------------------------+--------------+-------------------------+---------------------+------------------------------------+
; Analysis & Synthesis      ; 00:00:47     ; 1.0                     ; 1188 MB             ; 00:01:30                           ;
; Fitter                    ; 00:02:07     ; 1.0                     ; 2159 MB             ; 00:02:52                           ;
; Assembler                 ; 00:00:27     ; 1.0                     ; 992 MB              ; 00:00:10                           ;
; TimeQuest Timing Analyzer ; 00:00:21     ; 1.3                     ; 1237 MB             ; 00:00:17                           ;
; Total                     ; 00:03:42     ; --                      ; --                  ; 00:04:49                           ;
+---------------------------+--------------+-------------------------+---------------------+------------------------------------+


+-------------------------------------------------------------------------------------------+
; Flow OS Summary                                                                           ;
+---------------------------+------------------+--------------+------------+----------------+
; Module Name               ; Machine Hostname ; OS Name      ; OS Version ; Processor type ;
+---------------------------+------------------+--------------+------------+----------------+
; Analysis & Synthesis      ; arturo           ; Ubuntu 17.04 ; 17         ; x86_64         ;
; Fitter                    ; arturo           ; Ubuntu 17.04 ; 17         ; x86_64         ;
; Assembler                 ; arturo           ; Ubuntu 17.04 ; 17         ; x86_64         ;
; TimeQuest Timing Analyzer ; arturo           ; Ubuntu 17.04 ; 17         ; x86_64         ;
+---------------------------+------------------+--------------+------------+----------------+


------------
; Flow Log ;
------------
quartus_map --read_settings_files=on --write_settings_files=off hello_world -c hello_world
quartus_fit --read_settings_files=off --write_settings_files=off hello_world -c hello_world
quartus_asm --read_settings_files=off --write_settings_files=off hello_world -c hello_world
quartus_sta hello_world -c hello_world



